/home/njbarry/.conda/envs/py38/lib/python3.8/site-packages/torch/distributed/launch.py:178: FutureWarning: The module torch.distributed.launch is deprecated
and will be removed in future. Use torch.distributed.run.
Note that --use_env is set by default in torch.distributed.run.
If your script expects `--local_rank` argument to be set, please
change it to read from `os.environ['LOCAL_RANK']` instead. See 
https://pytorch.org/docs/stable/distributed.html#launch-utility for 
further instructions

  warnings.warn(
WARNING:torch.distributed.run:*****************************************
Setting OMP_NUM_THREADS environment variable for each process to be 1 in default, to avoid your system being overloaded, please further tune the variable for optimal performance in your application as needed. 
*****************************************
Traceback (most recent call last):
  File "/home/njbarry/.conda/envs/py38/lib/python3.8/runpy.py", line 194, in _run_module_as_main
    return _run_code(code, main_globals, None,
  File "/home/njbarry/.conda/envs/py38/lib/python3.8/runpy.py", line 87, in _run_code
    exec(code, run_globals)
  File "/home/njbarry/.conda/envs/py38/lib/python3.8/site-packages/torch/distributed/launch.py", line 193, in <module>
    main()
  File "/home/njbarry/.conda/envs/py38/lib/python3.8/site-packages/torch/distributed/launch.py", line 189, in main
    launch(args)
  File "/home/njbarry/.conda/envs/py38/lib/python3.8/site-packages/torch/distributed/launch.py", line 174, in launch
    run(args)
  File "/home/njbarry/.conda/envs/py38/lib/python3.8/site-packages/torch/distributed/run.py", line 689, in run
    elastic_launch(
  File "/home/njbarry/.conda/envs/py38/lib/python3.8/site-packages/torch/distributed/launcher/api.py", line 116, in __call__
    return launch_agent(self._config, self._entrypoint, list(args))
  File "/home/njbarry/.conda/envs/py38/lib/python3.8/site-packages/torch/distributed/launcher/api.py", line 237, in launch_agent
    result = agent.run()
  File "/home/njbarry/.conda/envs/py38/lib/python3.8/site-packages/torch/distributed/elastic/metrics/api.py", line 125, in wrapper
    result = f(*args, **kwargs)
  File "/home/njbarry/.conda/envs/py38/lib/python3.8/site-packages/torch/distributed/elastic/agent/server/api.py", line 700, in run
    result = self._invoke_run(role)
  File "/home/njbarry/.conda/envs/py38/lib/python3.8/site-packages/torch/distributed/elastic/agent/server/api.py", line 822, in _invoke_run
    self._initialize_workers(self._worker_group)
  File "/home/njbarry/.conda/envs/py38/lib/python3.8/site-packages/torch/distributed/elastic/metrics/api.py", line 125, in wrapper
    result = f(*args, **kwargs)
  File "/home/njbarry/.conda/envs/py38/lib/python3.8/site-packages/torch/distributed/elastic/agent/server/api.py", line 670, in _initialize_workers
    self._rendezvous(worker_group)
  File "/home/njbarry/.conda/envs/py38/lib/python3.8/site-packages/torch/distributed/elastic/metrics/api.py", line 125, in wrapper
    result = f(*args, **kwargs)
  File "/home/njbarry/.conda/envs/py38/lib/python3.8/site-packages/torch/distributed/elastic/agent/server/api.py", line 530, in _rendezvous
    store, group_rank, group_world_size = spec.rdzv_handler.next_rendezvous()
  File "/home/njbarry/.conda/envs/py38/lib/python3.8/site-packages/torch/distributed/elastic/rendezvous/static_tcp_rendezvous.py", line 55, in next_rendezvous
    self._store = TCPStore(
RuntimeError: Address already in use
Job ID           : 51837693
Cluster          : spartan
User/Project     : njbarry/punim1896
Nodes            : 1
Wall-clock time  : 00:00:30 / 18:00:00

Displaying overall resources usage from 2023-09-29 21:15:43 to 2023-09-29 21:16:13:

NODE            CPU#        TOT%   ( USR   / SYS   / WIO   / IDLE  ) 

spartan-gpgpu102 : 
                CPU# 1    : -2.0   (  -1.0 /  -1.0 /  -1.0 /  -1.0 ) 
                CPU# 2    : -2.0   (  -1.0 /  -1.0 /  -1.0 /  -1.0 ) 
                CPU# 3    : -2.0   (  -1.0 /  -1.0 /  -1.0 /  -1.0 ) 
                CPU# 4    : -2.0   (  -1.0 /  -1.0 /  -1.0 /  -1.0 ) 
                CPU# 5    : -2.0   (  -1.0 /  -1.0 /  -1.0 /  -1.0 ) 
                CPU# 6    : -2.0   (  -1.0 /  -1.0 /  -1.0 /  -1.0 ) 
                CPU# 7    : -2.0   (  -1.0 /  -1.0 /  -1.0 /  -1.0 ) 
                CPU# 8    : -2.0   (  -1.0 /  -1.0 /  -1.0 /  -1.0 ) 
                CPU# 9    : -2.0   (  -1.0 /  -1.0 /  -1.0 /  -1.0 ) 
                CPU# 10   : -2.0   (  -1.0 /  -1.0 /  -1.0 /  -1.0 ) 
                CPU# 11   : -2.0   (  -1.0 /  -1.0 /  -1.0 /  -1.0 ) 
                CPU# 12   : -2.0   (  -1.0 /  -1.0 /  -1.0 /  -1.0 ) 
                CPU# 13   : -2.0   (  -1.0 /  -1.0 /  -1.0 /  -1.0 ) 
                CPU# 14   : -2.0   (  -1.0 /  -1.0 /  -1.0 /  -1.0 ) 
                CPU# 15   : -2.0   (  -1.0 /  -1.0 /  -1.0 /  -1.0 ) 
                CPU# 16   : -2.0   (  -1.0 /  -1.0 /  -1.0 /  -1.0 ) 

                GPU# 1    : -1.0  
                GPU# 2    : -1.0  


Allocated CPUs            : 16   
  CPUs with usage <25%    : 16   
  CPUs with usage <50%    : 0    
  CPUs with usage >50%    : 0    


Allocated GPUs            : 2    
  GPUs with usage <25%    : 2    
  GPUs with usage <50%    : 0    
  GPUs with usage >50%    : 0    

Memory used (RAM)         : 0.0%  [4MB of 257699MB]

--------------------------------------------

